<?xml version="1.0" encoding="UTF-8"?>
<testng-results skipped="0" failed="0" ignored="0" total="1" passed="1">
  <reporter-output>
  </reporter-output>
  <suite name="Default suite" duration-ms="7147" started-at="2021-01-22T18:01:02 IST" finished-at="2021-01-22T18:01:09 IST">
    <groups>
    </groups>
    <test name="Default test" duration-ms="7147" started-at="2021-01-22T18:01:02 IST" finished-at="2021-01-22T18:01:09 IST">
      <class name="test.restPostTestCase">
        <test-method status="PASS" signature="PostTestCase()[pri:0, instance:test.restPostTestCase@76f2b07d]" name="PostTestCase" duration-ms="6995" started-at="2021-01-22T18:01:02 IST" finished-at="2021-01-22T18:01:09 IST">
          <reporter-output>
          </reporter-output>
        </test-method> <!-- PostTestCase -->
      </class> <!-- test.restPostTestCase -->
    </test> <!-- Default test -->
  </suite> <!-- Default suite -->
</testng-results>
