<?xml version="1.0" encoding="UTF-8"?>
<testng-results skipped="0" failed="0" ignored="0" total="1" passed="1">
  <reporter-output>
  </reporter-output>
  <suite name="Default suite" duration-ms="24882" started-at="2022-02-27T20:38:22 IST" finished-at="2022-02-27T20:38:47 IST">
    <groups>
    </groups>
    <test name="Default test" duration-ms="24882" started-at="2022-02-27T20:38:22 IST" finished-at="2022-02-27T20:38:47 IST">
      <class name="TestPage.GuruTest">
        <test-method status="PASS" signature="loginFunction()[pri:0, instance:TestPage.GuruTest@57e1b0c]" name="loginFunction" is-config="true" duration-ms="10577" started-at="2022-02-27T20:38:12 IST" finished-at="2022-02-27T20:38:22 IST">
          <reporter-output>
          </reporter-output>
        </test-method> <!-- loginFunction -->
        <test-method status="PASS" signature="test1()[pri:0, instance:TestPage.GuruTest@57e1b0c]" name="test1" duration-ms="24814" started-at="2022-02-27T20:38:22 IST" finished-at="2022-02-27T20:38:47 IST">
          <reporter-output>
          </reporter-output>
        </test-method> <!-- test1 -->
      </class> <!-- TestPage.GuruTest -->
    </test> <!-- Default test -->
  </suite> <!-- Default suite -->
</testng-results>
